Arguments: 
  D:\nodejs\node.exe C:\Users\shiyanlei\AppData\Roaming\npm\node_modules\yarn\bin\yarn.js add js-base64

PATH: 
  C:\Program Files (x86)\Common Files\Oracle\Java\javapath;C:\Windows\system32;C:\Windows;C:\Windows\System32\Wbem;C:\Windows\System32\WindowsPowerShell\v1.0\;C:\Windows\System32\OpenSSH\;C:\Program Files (x86)\NVIDIA Corporation\PhysX\Common;C:\Program Files\NVIDIA Corporation\NVIDIA NvDLISR;"D:\Java\jdk1.8.0_212\bin;D:\Java\jdk1.8.0_212\jre\bin";D:\MySQL\bin;D:\allure-2.13.3\bin;%ERLANG_HOME%\bin;C:\Program Files\MySQL\MySQL Server 8.0\bin;C:\Program Files (x86)\Google\Chrome\Application\phantomjs.exe;C:\WINDOWS\system32;C:\WINDOWS;C:\WINDOWS\System32\Wbem;C:\WINDOWS\System32\WindowsPowerShell\v1.0\;C:\WINDOWS\System32\OpenSSH\;D:\adb\platform-tools;D:\Python\Python36\Lib\site-packages\allure-2.17.3\bin;D:\Git\cmd;D:\apache-jmeter-5.2.1\bin;D:\nodejs\;D:\Python\Python36\Scripts\;D:\Python\Python36\;C:\Users\shiyanlei\AppData\Local\Microsoft\WindowsApps;D:\JetBrains\PyCharm Community Edition 2020.1.2\bin;;D:\JetBrains\PyCharm2022\bin;;C:\Users\shiyanlei\AppData\Roaming\npm;

Yarn version: 
  1.22.18

Node version: 
  16.15.0

Platform: 
  win32 x64

Trace: 
  Error: EPERM: operation not permitted, unlink 'C:\Users\shiyanlei\AppData\Local\Yarn\Cache\v6\npm-element-plus-2.2.6-60b9e91a2159526123d1b950263de37947153433-integrity\node_modules\element-plus\.yarn-tarball.tgz'

npm manifest: 
  {
    "name": "frontends",
    "private": true,
    "version": "0.0.0",
    "scripts": {
      "dev": "vite",
      "build": "vite build",
      "preview": "vite preview"
    },
    "dependencies": {
      "@element-plus/icons-vue": "^2.0.6",
      "axios": "^0.27.2",
      "element-plus": "^2.2.6",
      "vue": "^3.2.25",
      "vue-router": "^4.0.16",
      "vue3-ace-editor": "^2.2.2",
      "vuex": "^4.0.2"
    },
    "devDependencies": {
      "@vitejs/plugin-vue": "^2.3.3",
      "less": "^4.1.3",
      "less-loader": "^11.0.0",
      "vite": "^2.9.9"
    }
  }

yarn manifest: 
  No manifest

Lockfile: 
  No lockfile
